WARN   	[13.окт..2022 12:12:22] [Thread-0] (File: Runner.java | Method:lambda$main$0() | Line:39)
		The game was emergency stopped, the simulation was not finished
INFO   	[13.окт..2022 12:12:34] [main] (File: Controller.java | Method:initGame() | Line:43)
		initGame start with 3 organisms in cell
INFO   	[13.окт..2022 12:12:36] [main] (File: Controller.java | Method:initGame() | Line:63)
		initGame end. Created 246042 organisms. Init time: 1922 ms
INFO   	[13.окт..2022 12:12:45] [main] (File: Controller.java | Method:initGame() | Line:43)
		initGame start with 3 organisms in cell
INFO   	[13.окт..2022 12:12:46] [main] (File: Controller.java | Method:initGame() | Line:63)
		initGame end. Created 263627 organisms. Init time: 1929 ms
ERROR  	[13.окт..2022 12:14:14] [main] (File: Settings.java | Method:get() | Line:141)
		Value must be 1-10000. | Field: maxNumberOfDays | value: -500
INFO   	[13.окт..2022 12:17:18] [main] (File: Controller.java | Method:initGame() | Line:43)
		initGame start with 3 organisms in cell
INFO   	[13.окт..2022 12:17:19] [main] (File: Controller.java | Method:initGame() | Line:63)
		initGame end. Created 261698 organisms. Init time: 1984 ms
WARN   	[13.окт..2022 12:17:24] [Thread-0] (File: Runner.java | Method:lambda$main$0() | Line:39)
		The game was emergency stopped, the simulation was not finished
INFO   	[13.окт..2022 12:18:43] [main] (File: Controller.java | Method:initGame() | Line:43)
		initGame start with 3 organisms in cell
INFO   	[13.окт..2022 12:18:44] [main] (File: Controller.java | Method:initGame() | Line:63)
		initGame end. Created 257903 organisms. Init time: 1932 ms
INFO   	[13.окт..2022 12:36:45] [main] (File: Controller.java | Method:initGame() | Line:43)
		initGame start with 3 organisms in cell
INFO   	[13.окт..2022 12:36:46] [main] (File: Controller.java | Method:initGame() | Line:63)
		initGame end. Created 245268 organisms. Init time: 2031 ms
INFO   	[13.окт..2022 12:38:30] [pool-1-thread-1] (File: Controller.java | Method:stopSimulation() | Line:124)
		Simulation is stopped! Simulation time: 106067 ms
INFO   	[13.окт..2022 16:32:59] [main] (File: Controller.java | Method:initGame() | Line:44)
		initGame start with 3 organisms in cell
INFO   	[13.окт..2022 16:33:00] [main] (File: Controller.java | Method:initGame() | Line:64)
		initGame end. Created 249464 organisms. Init time: 2070 ms
INFO   	[18.окт..2022 21:42:17] [main] (File: Controller.java | Method:initGame() | Line:43)
		initGame start with 3 organisms in cell
INFO   	[18.окт..2022 21:42:19] [main] (File: Controller.java | Method:initGame() | Line:63)
		initGame end. Created 255150 organisms. Init time: 2054 ms
INFO   	[18.окт..2022 21:42:46] [main] (File: Controller.java | Method:initGame() | Line:43)
		initGame start with 3 organisms in cell
INFO   	[18.окт..2022 21:42:47] [main] (File: Controller.java | Method:initGame() | Line:63)
		initGame end. Created 256181 organisms. Init time: 1937 ms
INFO   	[18.окт..2022 21:46:27] [main] (File: Controller.java | Method:initGame() | Line:43)
		initGame start with 3 organisms in cell
INFO   	[18.окт..2022 21:46:29] [main] (File: Controller.java | Method:initGame() | Line:63)
		initGame end. Created 249807 organisms. Init time: 1864 ms
INFO   	[22.окт..2022 14:31:47] [main] (File: Controller.java | Method:initGame() | Line:43)
		initGame start with 3 organisms in cell
INFO   	[22.окт..2022 14:31:49] [main] (File: Controller.java | Method:initGame() | Line:63)
		initGame end. Created 227534 organisms. Init time: 2033 ms
WARN   	[22.окт..2022 14:32:23] [Thread-0] (File: Runner.java | Method:lambda$main$0() | Line:39)
		The game was emergency stopped, the simulation was not finished
INFO   	[22.окт..2022 17:00:13] [main] (File: Controller.java | Method:initGame() | Line:43)
		initGame start with 3 organisms in cell
INFO   	[22.окт..2022 17:00:14] [main] (File: Controller.java | Method:initGame() | Line:63)
		initGame end. Created 255923 organisms. Init time: 1458 ms
